<?xml version="1.0" encoding="UTF-8"?>
<!-- Generated by org.testng.reporters.JUnitXMLReporter -->
<testsuite ignored="2" hostname="INPUNSSAKORE02" failures="0" tests="7" name="Test" time="0.12" errors="0" timestamp="2023-09-08T11:24:56 IST">
  <testcase classname="testNG.Home_loan" name="WebLoginHomeLoan" time="0.015"/>
  <testcase classname="testNG.Personal_loan" name="APILoginPersonalLoan" time="0.001"/>
  <testcase classname="testNG.Personal_loan" name="MobileLoginPersonalLoan" time="0.002"/>
  <testcase classname="testNG.Personal_loan" name="WebLoginPersonalLoan" time="0.003"/>
  <testcase classname="testNG.Car_loan" name="APILoginCarLoan" time="0.001"/>
  <testcase classname="testNG.Car_loan" name="MobileLoginCarLoan" time="0.002"/>
  <testcase classname="testNG.Car_loan" name="WebLoginCarLoan" time="0.001"/>
  <testcase classname="testNG.Home_loan" name="APILoginHomeLoan" time="0.0">
    <ignored/>
  </testcase> <!-- APILoginHomeLoan -->
  <testcase classname="testNG.Home_loan" name="MobileLoginHomeLoan" time="0.0">
    <ignored/>
  </testcase> <!-- MobileLoginHomeLoan -->
</testsuite> <!-- Test -->
