<?xml version="1.0" encoding="UTF-8"?>
<testng-results ignored="0" total="7" passed="7" failed="0" skipped="0">
  <reporter-output>
  </reporter-output>
  <suite started-at="2023-09-08T11:24:56 IST" name="Suite" finished-at="2023-09-08T11:24:56 IST" duration-ms="120">
    <groups>
      <group name="SmokeTest">
        <method signature="Car_loan.APILoginCarLoan()[pri:0, instance:testNG.Car_loan@3c19aaa5]" name="APILoginCarLoan" class="testNG.Car_loan"/>
        <method signature="Personal_loan.WebLoginPersonalLoan()[pri:0, instance:testNG.Personal_loan@f6efaab]" name="WebLoginPersonalLoan" class="testNG.Personal_loan"/>
      </group> <!-- SmokeTest -->
    </groups>
    <test started-at="2023-09-08T11:24:56 IST" name="Test" finished-at="2023-09-08T11:24:56 IST" duration-ms="120">
      <class name="testNG.Home_loan">
        <test-method signature="WebLoginHomeLoan()[pri:0, instance:testNG.Home_loan@1bd4fdd]" started-at="2023-09-08T11:24:56 IST" name="WebLoginHomeLoan" finished-at="2023-09-08T11:24:56 IST" duration-ms="15" status="PASS">
          <reporter-output>
          </reporter-output>
        </test-method> <!-- WebLoginHomeLoan -->
      </class> <!-- testNG.Home_loan -->
      <class name="testNG.Personal_loan">
        <test-method signature="APILoginPersonalLoan()[pri:0, instance:testNG.Personal_loan@f6efaab]" started-at="2023-09-08T11:24:56 IST" name="APILoginPersonalLoan" finished-at="2023-09-08T11:24:56 IST" duration-ms="1" status="PASS">
          <reporter-output>
          </reporter-output>
        </test-method> <!-- APILoginPersonalLoan -->
        <test-method signature="MobileLoginPersonalLoan()[pri:0, instance:testNG.Personal_loan@f6efaab]" started-at="2023-09-08T11:24:56 IST" name="MobileLoginPersonalLoan" finished-at="2023-09-08T11:24:56 IST" duration-ms="2" status="PASS">
          <reporter-output>
          </reporter-output>
        </test-method> <!-- MobileLoginPersonalLoan -->
        <test-method signature="WebLoginPersonalLoan()[pri:0, instance:testNG.Personal_loan@f6efaab]" started-at="2023-09-08T11:24:56 IST" name="WebLoginPersonalLoan" finished-at="2023-09-08T11:24:56 IST" duration-ms="3" status="PASS">
          <reporter-output>
          </reporter-output>
        </test-method> <!-- WebLoginPersonalLoan -->
      </class> <!-- testNG.Personal_loan -->
      <class name="testNG.Car_loan">
        <test-method signature="APILoginCarLoan()[pri:0, instance:testNG.Car_loan@3c19aaa5]" started-at="2023-09-08T11:24:56 IST" name="APILoginCarLoan" finished-at="2023-09-08T11:24:56 IST" duration-ms="1" status="PASS">
          <reporter-output>
          </reporter-output>
        </test-method> <!-- APILoginCarLoan -->
        <test-method signature="MobileLoginCarLoan()[pri:0, instance:testNG.Car_loan@3c19aaa5]" started-at="2023-09-08T11:24:56 IST" name="MobileLoginCarLoan" finished-at="2023-09-08T11:24:56 IST" duration-ms="2" status="PASS">
          <reporter-output>
          </reporter-output>
        </test-method> <!-- MobileLoginCarLoan -->
        <test-method signature="WebLoginCarLoan()[pri:0, instance:testNG.Car_loan@3c19aaa5]" started-at="2023-09-08T11:24:56 IST" name="WebLoginCarLoan" finished-at="2023-09-08T11:24:56 IST" duration-ms="1" status="PASS">
          <reporter-output>
          </reporter-output>
        </test-method> <!-- WebLoginCarLoan -->
      </class> <!-- testNG.Car_loan -->
    </test> <!-- Test -->
  </suite> <!-- Suite -->
</testng-results>
